Building DAG of jobs...
Relative file path './output/TF101007/TF101007.aa.fasta' starts with './'. This is redundant and strongly discouraged. It can also lead to inconsistent results of the file-matching approach used by Snakemake. You can simply omit the './' for relative file paths.
Relative file path './output/TF101001/TF101001.aa.fasta' starts with './'. This is redundant and strongly discouraged. It can also lead to inconsistent results of the file-matching approach used by Snakemake. You can simply omit the './' for relative file paths.
Relative file path './output/TF101001/TF101001.aa.fasta' starts with './'. This is redundant and strongly discouraged. It can also lead to inconsistent results of the file-matching approach used by Snakemake. You can simply omit the './' for relative file paths.
Relative file path './output/TF101006/TF101006.aa.fasta' starts with './'. This is redundant and strongly discouraged. It can also lead to inconsistent results of the file-matching approach used by Snakemake. You can simply omit the './' for relative file paths.
Relative file path './output/TF101010/TF101010.aa.fasta' starts with './'. This is redundant and strongly discouraged. It can also lead to inconsistent results of the file-matching approach used by Snakemake. You can simply omit the './' for relative file paths.
Relative file path './output/TF101007/TF101007.aa.fasta' starts with './'. This is redundant and strongly discouraged. It can also lead to inconsistent results of the file-matching approach used by Snakemake. You can simply omit the './' for relative file paths.
Relative file path './output/TF101006/TF101006.aa.fasta' starts with './'. This is redundant and strongly discouraged. It can also lead to inconsistent results of the file-matching approach used by Snakemake. You can simply omit the './' for relative file paths.
Relative file path './output/TF101005/TF101005.aa.fasta' starts with './'. This is redundant and strongly discouraged. It can also lead to inconsistent results of the file-matching approach used by Snakemake. You can simply omit the './' for relative file paths.
Relative file path './output/TF101008/TF101008.aa.fasta' starts with './'. This is redundant and strongly discouraged. It can also lead to inconsistent results of the file-matching approach used by Snakemake. You can simply omit the './' for relative file paths.
Relative file path './output/TF101003/TF101003.aa.fasta' starts with './'. This is redundant and strongly discouraged. It can also lead to inconsistent results of the file-matching approach used by Snakemake. You can simply omit the './' for relative file paths.
Relative file path './output/TF101009/TF101009.aa.fasta' starts with './'. This is redundant and strongly discouraged. It can also lead to inconsistent results of the file-matching approach used by Snakemake. You can simply omit the './' for relative file paths.
Relative file path './output/TF101008/TF101008.aa.fasta' starts with './'. This is redundant and strongly discouraged. It can also lead to inconsistent results of the file-matching approach used by Snakemake. You can simply omit the './' for relative file paths.
Relative file path './output/TF101003/TF101003.aa.fasta' starts with './'. This is redundant and strongly discouraged. It can also lead to inconsistent results of the file-matching approach used by Snakemake. You can simply omit the './' for relative file paths.
Relative file path './output/TF101002/TF101002.aa.fasta' starts with './'. This is redundant and strongly discouraged. It can also lead to inconsistent results of the file-matching approach used by Snakemake. You can simply omit the './' for relative file paths.
Relative file path './output/TF101010/TF101010.aa.fasta' starts with './'. This is redundant and strongly discouraged. It can also lead to inconsistent results of the file-matching approach used by Snakemake. You can simply omit the './' for relative file paths.
Relative file path './output/TF101004/TF101004.aa.fasta' starts with './'. This is redundant and strongly discouraged. It can also lead to inconsistent results of the file-matching approach used by Snakemake. You can simply omit the './' for relative file paths.
Relative file path './output/TF101004/TF101004.aa.fasta' starts with './'. This is redundant and strongly discouraged. It can also lead to inconsistent results of the file-matching approach used by Snakemake. You can simply omit the './' for relative file paths.
Relative file path './output/TF101005/TF101005.aa.fasta' starts with './'. This is redundant and strongly discouraged. It can also lead to inconsistent results of the file-matching approach used by Snakemake. You can simply omit the './' for relative file paths.
Relative file path './output/TF101009/TF101009.aa.fasta' starts with './'. This is redundant and strongly discouraged. It can also lead to inconsistent results of the file-matching approach used by Snakemake. You can simply omit the './' for relative file paths.
Relative file path './output/TF101002/TF101002.aa.fasta' starts with './'. This is redundant and strongly discouraged. It can also lead to inconsistent results of the file-matching approach used by Snakemake. You can simply omit the './' for relative file paths.
Relative file path './output/TF101007/TF101007.nwk' starts with './'. This is redundant and strongly discouraged. It can also lead to inconsistent results of the file-matching approach used by Snakemake. You can simply omit the './' for relative file paths.
Relative file path './output/TF101001/TF101001.nwk' starts with './'. This is redundant and strongly discouraged. It can also lead to inconsistent results of the file-matching approach used by Snakemake. You can simply omit the './' for relative file paths.
Relative file path './output/TF101001/TF101001.nwk' starts with './'. This is redundant and strongly discouraged. It can also lead to inconsistent results of the file-matching approach used by Snakemake. You can simply omit the './' for relative file paths.
Relative file path './output/TF101006/TF101006.nwk' starts with './'. This is redundant and strongly discouraged. It can also lead to inconsistent results of the file-matching approach used by Snakemake. You can simply omit the './' for relative file paths.
Relative file path './output/TF101010/TF101010.nwk' starts with './'. This is redundant and strongly discouraged. It can also lead to inconsistent results of the file-matching approach used by Snakemake. You can simply omit the './' for relative file paths.
Relative file path './output/TF101007/TF101007.nwk' starts with './'. This is redundant and strongly discouraged. It can also lead to inconsistent results of the file-matching approach used by Snakemake. You can simply omit the './' for relative file paths.
Relative file path './output/TF101006/TF101006.nwk' starts with './'. This is redundant and strongly discouraged. It can also lead to inconsistent results of the file-matching approach used by Snakemake. You can simply omit the './' for relative file paths.
Relative file path './output/TF101005/TF101005.nwk' starts with './'. This is redundant and strongly discouraged. It can also lead to inconsistent results of the file-matching approach used by Snakemake. You can simply omit the './' for relative file paths.
Relative file path './output/TF101008/TF101008.nwk' starts with './'. This is redundant and strongly discouraged. It can also lead to inconsistent results of the file-matching approach used by Snakemake. You can simply omit the './' for relative file paths.
Relative file path './output/TF101003/TF101003.nwk' starts with './'. This is redundant and strongly discouraged. It can also lead to inconsistent results of the file-matching approach used by Snakemake. You can simply omit the './' for relative file paths.
Relative file path './output/TF101009/TF101009.nwk' starts with './'. This is redundant and strongly discouraged. It can also lead to inconsistent results of the file-matching approach used by Snakemake. You can simply omit the './' for relative file paths.
Relative file path './output/TF101008/TF101008.nwk' starts with './'. This is redundant and strongly discouraged. It can also lead to inconsistent results of the file-matching approach used by Snakemake. You can simply omit the './' for relative file paths.
Relative file path './output/TF101003/TF101003.nwk' starts with './'. This is redundant and strongly discouraged. It can also lead to inconsistent results of the file-matching approach used by Snakemake. You can simply omit the './' for relative file paths.
Relative file path './output/TF101002/TF101002.nwk' starts with './'. This is redundant and strongly discouraged. It can also lead to inconsistent results of the file-matching approach used by Snakemake. You can simply omit the './' for relative file paths.
Relative file path './output/TF101010/TF101010.nwk' starts with './'. This is redundant and strongly discouraged. It can also lead to inconsistent results of the file-matching approach used by Snakemake. You can simply omit the './' for relative file paths.
Relative file path './output/TF101004/TF101004.nwk' starts with './'. This is redundant and strongly discouraged. It can also lead to inconsistent results of the file-matching approach used by Snakemake. You can simply omit the './' for relative file paths.
Relative file path './output/TF101004/TF101004.nwk' starts with './'. This is redundant and strongly discouraged. It can also lead to inconsistent results of the file-matching approach used by Snakemake. You can simply omit the './' for relative file paths.
Relative file path './output/TF101005/TF101005.nwk' starts with './'. This is redundant and strongly discouraged. It can also lead to inconsistent results of the file-matching approach used by Snakemake. You can simply omit the './' for relative file paths.
Relative file path './output/TF101009/TF101009.nwk' starts with './'. This is redundant and strongly discouraged. It can also lead to inconsistent results of the file-matching approach used by Snakemake. You can simply omit the './' for relative file paths.
Relative file path './output/TF101002/TF101002.nwk' starts with './'. This is redundant and strongly discouraged. It can also lead to inconsistent results of the file-matching approach used by Snakemake. You can simply omit the './' for relative file paths.
Relative file path './data/TF101007.aa.fasta' starts with './'. This is redundant and strongly discouraged. It can also lead to inconsistent results of the file-matching approach used by Snakemake. You can simply omit the './' for relative file paths.
Relative file path './output/TF101007/TF101007.aa.fasta' starts with './'. This is redundant and strongly discouraged. It can also lead to inconsistent results of the file-matching approach used by Snakemake. You can simply omit the './' for relative file paths.
Relative file path './data/TF101001.aa.fasta' starts with './'. This is redundant and strongly discouraged. It can also lead to inconsistent results of the file-matching approach used by Snakemake. You can simply omit the './' for relative file paths.
Relative file path './output/TF101001/TF101001.aa.fasta' starts with './'. This is redundant and strongly discouraged. It can also lead to inconsistent results of the file-matching approach used by Snakemake. You can simply omit the './' for relative file paths.
Relative file path './data/TF101006.aa.fasta' starts with './'. This is redundant and strongly discouraged. It can also lead to inconsistent results of the file-matching approach used by Snakemake. You can simply omit the './' for relative file paths.
Relative file path './output/TF101006/TF101006.aa.fasta' starts with './'. This is redundant and strongly discouraged. It can also lead to inconsistent results of the file-matching approach used by Snakemake. You can simply omit the './' for relative file paths.
Relative file path './data/TF101010.aa.fasta' starts with './'. This is redundant and strongly discouraged. It can also lead to inconsistent results of the file-matching approach used by Snakemake. You can simply omit the './' for relative file paths.
Relative file path './output/TF101010/TF101010.aa.fasta' starts with './'. This is redundant and strongly discouraged. It can also lead to inconsistent results of the file-matching approach used by Snakemake. You can simply omit the './' for relative file paths.
Relative file path './data/TF101005.aa.fasta' starts with './'. This is redundant and strongly discouraged. It can also lead to inconsistent results of the file-matching approach used by Snakemake. You can simply omit the './' for relative file paths.
Relative file path './output/TF101005/TF101005.aa.fasta' starts with './'. This is redundant and strongly discouraged. It can also lead to inconsistent results of the file-matching approach used by Snakemake. You can simply omit the './' for relative file paths.
Relative file path './data/TF101008.aa.fasta' starts with './'. This is redundant and strongly discouraged. It can also lead to inconsistent results of the file-matching approach used by Snakemake. You can simply omit the './' for relative file paths.
Relative file path './output/TF101008/TF101008.aa.fasta' starts with './'. This is redundant and strongly discouraged. It can also lead to inconsistent results of the file-matching approach used by Snakemake. You can simply omit the './' for relative file paths.
Relative file path './data/TF101003.aa.fasta' starts with './'. This is redundant and strongly discouraged. It can also lead to inconsistent results of the file-matching approach used by Snakemake. You can simply omit the './' for relative file paths.
Relative file path './output/TF101003/TF101003.aa.fasta' starts with './'. This is redundant and strongly discouraged. It can also lead to inconsistent results of the file-matching approach used by Snakemake. You can simply omit the './' for relative file paths.
Relative file path './data/TF101009.aa.fasta' starts with './'. This is redundant and strongly discouraged. It can also lead to inconsistent results of the file-matching approach used by Snakemake. You can simply omit the './' for relative file paths.
Relative file path './output/TF101009/TF101009.aa.fasta' starts with './'. This is redundant and strongly discouraged. It can also lead to inconsistent results of the file-matching approach used by Snakemake. You can simply omit the './' for relative file paths.
Relative file path './data/TF101002.aa.fasta' starts with './'. This is redundant and strongly discouraged. It can also lead to inconsistent results of the file-matching approach used by Snakemake. You can simply omit the './' for relative file paths.
Relative file path './output/TF101002/TF101002.aa.fasta' starts with './'. This is redundant and strongly discouraged. It can also lead to inconsistent results of the file-matching approach used by Snakemake. You can simply omit the './' for relative file paths.
Relative file path './data/TF101004.aa.fasta' starts with './'. This is redundant and strongly discouraged. It can also lead to inconsistent results of the file-matching approach used by Snakemake. You can simply omit the './' for relative file paths.
Relative file path './output/TF101004/TF101004.aa.fasta' starts with './'. This is redundant and strongly discouraged. It can also lead to inconsistent results of the file-matching approach used by Snakemake. You can simply omit the './' for relative file paths.
Relative file path './data/TF101007.nh.emf' starts with './'. This is redundant and strongly discouraged. It can also lead to inconsistent results of the file-matching approach used by Snakemake. You can simply omit the './' for relative file paths.
Relative file path './output/TF101007/TF101007.nwk' starts with './'. This is redundant and strongly discouraged. It can also lead to inconsistent results of the file-matching approach used by Snakemake. You can simply omit the './' for relative file paths.
Relative file path './data/TF101001.nh.emf' starts with './'. This is redundant and strongly discouraged. It can also lead to inconsistent results of the file-matching approach used by Snakemake. You can simply omit the './' for relative file paths.
Relative file path './output/TF101001/TF101001.nwk' starts with './'. This is redundant and strongly discouraged. It can also lead to inconsistent results of the file-matching approach used by Snakemake. You can simply omit the './' for relative file paths.
Relative file path './data/TF101006.nh.emf' starts with './'. This is redundant and strongly discouraged. It can also lead to inconsistent results of the file-matching approach used by Snakemake. You can simply omit the './' for relative file paths.
Relative file path './output/TF101006/TF101006.nwk' starts with './'. This is redundant and strongly discouraged. It can also lead to inconsistent results of the file-matching approach used by Snakemake. You can simply omit the './' for relative file paths.
Relative file path './data/TF101010.nh.emf' starts with './'. This is redundant and strongly discouraged. It can also lead to inconsistent results of the file-matching approach used by Snakemake. You can simply omit the './' for relative file paths.
Relative file path './output/TF101010/TF101010.nwk' starts with './'. This is redundant and strongly discouraged. It can also lead to inconsistent results of the file-matching approach used by Snakemake. You can simply omit the './' for relative file paths.
Relative file path './data/TF101005.nh.emf' starts with './'. This is redundant and strongly discouraged. It can also lead to inconsistent results of the file-matching approach used by Snakemake. You can simply omit the './' for relative file paths.
Relative file path './output/TF101005/TF101005.nwk' starts with './'. This is redundant and strongly discouraged. It can also lead to inconsistent results of the file-matching approach used by Snakemake. You can simply omit the './' for relative file paths.
Relative file path './data/TF101008.nh.emf' starts with './'. This is redundant and strongly discouraged. It can also lead to inconsistent results of the file-matching approach used by Snakemake. You can simply omit the './' for relative file paths.
Relative file path './output/TF101008/TF101008.nwk' starts with './'. This is redundant and strongly discouraged. It can also lead to inconsistent results of the file-matching approach used by Snakemake. You can simply omit the './' for relative file paths.
Relative file path './data/TF101003.nh.emf' starts with './'. This is redundant and strongly discouraged. It can also lead to inconsistent results of the file-matching approach used by Snakemake. You can simply omit the './' for relative file paths.
Relative file path './output/TF101003/TF101003.nwk' starts with './'. This is redundant and strongly discouraged. It can also lead to inconsistent results of the file-matching approach used by Snakemake. You can simply omit the './' for relative file paths.
Relative file path './data/TF101009.nh.emf' starts with './'. This is redundant and strongly discouraged. It can also lead to inconsistent results of the file-matching approach used by Snakemake. You can simply omit the './' for relative file paths.
Relative file path './output/TF101009/TF101009.nwk' starts with './'. This is redundant and strongly discouraged. It can also lead to inconsistent results of the file-matching approach used by Snakemake. You can simply omit the './' for relative file paths.
Relative file path './data/TF101002.nh.emf' starts with './'. This is redundant and strongly discouraged. It can also lead to inconsistent results of the file-matching approach used by Snakemake. You can simply omit the './' for relative file paths.
Relative file path './output/TF101002/TF101002.nwk' starts with './'. This is redundant and strongly discouraged. It can also lead to inconsistent results of the file-matching approach used by Snakemake. You can simply omit the './' for relative file paths.
Relative file path './data/TF101004.nh.emf' starts with './'. This is redundant and strongly discouraged. It can also lead to inconsistent results of the file-matching approach used by Snakemake. You can simply omit the './' for relative file paths.
Relative file path './output/TF101004/TF101004.nwk' starts with './'. This is redundant and strongly discouraged. It can also lead to inconsistent results of the file-matching approach used by Snakemake. You can simply omit the './' for relative file paths.
Using shell: /bin/bash
Provided cores: 1 (use --cores to define parallelism)
Rules claiming more threads will be scaled down.
Job stats:
job               count    min threads    max threads
--------------  -------  -------------  -------------
all                   1              1              1
copy_alignment       10              1              1
extract_newick       10              1              1
total                21              1              1

Select jobs to execute...

[Mon Apr 24 16:49:20 2023]
rule copy_alignment:
    input: ./data/TF101001.aa.fasta
    output: ./output/TF101001/TF101001.aa.fasta
    jobid: 2
    reason: Missing output files: ./output/TF101001/TF101001.aa.fasta; Code has changed since last execution
    wildcards: dataset=TF101001
    resources: tmpdir=/var/folders/xs/24s9hwqd191f2x7rhdy6_ryc0000gr/T

[Mon Apr 24 16:49:20 2023]
Finished job 2.
1 of 21 steps (5%) done
Select jobs to execute...

[Mon Apr 24 16:49:20 2023]
rule copy_alignment:
    input: ./data/TF101007.aa.fasta
    output: ./output/TF101007/TF101007.aa.fasta
    jobid: 1
    reason: Missing output files: ./output/TF101007/TF101007.aa.fasta
    wildcards: dataset=TF101007
    resources: tmpdir=/var/folders/xs/24s9hwqd191f2x7rhdy6_ryc0000gr/T

[Mon Apr 24 16:49:20 2023]
Finished job 1.
2 of 21 steps (10%) done
Select jobs to execute...

[Mon Apr 24 16:49:20 2023]
rule copy_alignment:
    input: ./data/TF101005.aa.fasta
    output: ./output/TF101005/TF101005.aa.fasta
    jobid: 5
    reason: Missing output files: ./output/TF101005/TF101005.aa.fasta
    wildcards: dataset=TF101005
    resources: tmpdir=/var/folders/xs/24s9hwqd191f2x7rhdy6_ryc0000gr/T

[Mon Apr 24 16:49:20 2023]
Finished job 5.
3 of 21 steps (14%) done
Select jobs to execute...

[Mon Apr 24 16:49:20 2023]
rule copy_alignment:
    input: ./data/TF101004.aa.fasta
    output: ./output/TF101004/TF101004.aa.fasta
    jobid: 10
    reason: Missing output files: ./output/TF101004/TF101004.aa.fasta
    wildcards: dataset=TF101004
    resources: tmpdir=/var/folders/xs/24s9hwqd191f2x7rhdy6_ryc0000gr/T

[Mon Apr 24 16:49:20 2023]
Finished job 10.
4 of 21 steps (19%) done
Select jobs to execute...

[Mon Apr 24 16:49:20 2023]
rule copy_alignment:
    input: ./data/TF101002.aa.fasta
    output: ./output/TF101002/TF101002.aa.fasta
    jobid: 9
    reason: Missing output files: ./output/TF101002/TF101002.aa.fasta
    wildcards: dataset=TF101002
    resources: tmpdir=/var/folders/xs/24s9hwqd191f2x7rhdy6_ryc0000gr/T

[Mon Apr 24 16:49:20 2023]
Finished job 9.
5 of 21 steps (24%) done
Select jobs to execute...

[Mon Apr 24 16:49:20 2023]
rule copy_alignment:
    input: ./data/TF101010.aa.fasta
    output: ./output/TF101010/TF101010.aa.fasta
    jobid: 4
    reason: Missing output files: ./output/TF101010/TF101010.aa.fasta
    wildcards: dataset=TF101010
    resources: tmpdir=/var/folders/xs/24s9hwqd191f2x7rhdy6_ryc0000gr/T

[Mon Apr 24 16:49:20 2023]
Finished job 4.
6 of 21 steps (29%) done
Select jobs to execute...

[Mon Apr 24 16:49:20 2023]
rule copy_alignment:
    input: ./data/TF101009.aa.fasta
    output: ./output/TF101009/TF101009.aa.fasta
    jobid: 8
    reason: Missing output files: ./output/TF101009/TF101009.aa.fasta
    wildcards: dataset=TF101009
    resources: tmpdir=/var/folders/xs/24s9hwqd191f2x7rhdy6_ryc0000gr/T

[Mon Apr 24 16:49:20 2023]
Finished job 8.
7 of 21 steps (33%) done
Select jobs to execute...

[Mon Apr 24 16:49:20 2023]
rule copy_alignment:
    input: ./data/TF101003.aa.fasta
    output: ./output/TF101003/TF101003.aa.fasta
    jobid: 7
    reason: Missing output files: ./output/TF101003/TF101003.aa.fasta
    wildcards: dataset=TF101003
    resources: tmpdir=/var/folders/xs/24s9hwqd191f2x7rhdy6_ryc0000gr/T

[Mon Apr 24 16:49:20 2023]
Finished job 7.
8 of 21 steps (38%) done
Select jobs to execute...

[Mon Apr 24 16:49:20 2023]
rule copy_alignment:
    input: ./data/TF101008.aa.fasta
    output: ./output/TF101008/TF101008.aa.fasta
    jobid: 6
    reason: Missing output files: ./output/TF101008/TF101008.aa.fasta
    wildcards: dataset=TF101008
    resources: tmpdir=/var/folders/xs/24s9hwqd191f2x7rhdy6_ryc0000gr/T

[Mon Apr 24 16:49:20 2023]
Finished job 6.
9 of 21 steps (43%) done
Select jobs to execute...

[Mon Apr 24 16:49:20 2023]
rule copy_alignment:
    input: ./data/TF101006.aa.fasta
    output: ./output/TF101006/TF101006.aa.fasta
    jobid: 3
    reason: Missing output files: ./output/TF101006/TF101006.aa.fasta
    wildcards: dataset=TF101006
    resources: tmpdir=/var/folders/xs/24s9hwqd191f2x7rhdy6_ryc0000gr/T

[Mon Apr 24 16:49:20 2023]
Finished job 3.
10 of 21 steps (48%) done
Select jobs to execute...

[Mon Apr 24 16:49:20 2023]
rule extract_newick:
    input: ./data/TF101001.nh.emf
    output: ./output/TF101001/TF101001.nwk
    jobid: 12
    reason: Missing output files: ./output/TF101001/TF101001.nwk; Set of input files has changed since last execution; Code has changed since last execution
    wildcards: dataset=TF101001
    resources: tmpdir=/var/folders/xs/24s9hwqd191f2x7rhdy6_ryc0000gr/T

[Mon Apr 24 16:49:20 2023]
Error in rule extract_newick:
    jobid: 12
    output: ./output/TF101001/TF101001.nwk

RuleException:
CalledProcessError in line 55 of /Users/uqgfoley/Dropbox/Code/Python_Workspace/tree_fam/Snakefile:
Command 'set -euo pipefail;  /Users/uqgfoley/opt/miniconda3/envs/asr_curation/bin/python3.9 /Users/uqgfoley/Dropbox/Code/Python_Workspace/tree_fam/.snakemake/scripts/tmp8gm9s9yx.extract_newick.py' returned non-zero exit status 1.
  File "/Users/uqgfoley/Dropbox/Code/Python_Workspace/tree_fam/Snakefile", line 55, in __rule_extract_newick
  File "/Users/uqgfoley/opt/miniconda3/envs/asr_curation/lib/python3.9/concurrent/futures/thread.py", line 58, in run
Shutting down, this might take some time.
Exiting because a job execution failed. Look above for error message
Complete log: .snakemake/log/2023-04-24T164920.062173.snakemake.log
